<?xml version="1.0" encoding="UTF-8"?>
<testng-results skipped="0" failed="1" ignored="0" total="3" passed="2">
  <reporter-output>
  </reporter-output>
  <suite name="Kn Application Test Suite" duration-ms="131696" started-at="2018-10-30T20:51:56Z" finished-at="2018-10-30T20:54:07Z">
    <groups>
    </groups>
    <test name="Kn Application Regression Test Cases" duration-ms="131696" started-at="2018-10-30T20:51:56Z" finished-at="2018-10-30T20:54:07Z">
      <class name="com.kn.qa.tests.KnContactusPageTest">
        <test-method status="PASS" signature="setUp()[pri:0, instance:com.kn.qa.tests.KnContactusPageTest@589838eb]" name="setUp" is-config="true" duration-ms="36142" started-at="2018-10-30T21:52:53Z" finished-at="2018-10-30T21:53:29Z">
          <reporter-output>
          </reporter-output>
        </test-method> <!-- setUp -->
        <test-method status="FAIL" signature="Contactus_SalesTeam(java.lang.String, java.lang.String, java.lang.String, java.lang.String, java.lang.String, java.lang.String, java.lang.String, java.lang.String)[pri:1, instance:com.kn.qa.tests.KnContactusPageTest@589838eb]" name="Contactus_SalesTeam" duration-ms="20784" started-at="2018-10-30T21:53:29Z" data-provider="getCRMTestData" finished-at="2018-10-30T21:53:49Z">
          <params>
            <param index="0">
              <value>
                <![CDATA[Uma]]>
              </value>
            </param>
            <param index="1">
              <value>
                <![CDATA[K]]>
              </value>
            </param>
            <param index="2">
              <value>
                <![CDATA[umakselenium@gmail.com]]>
              </value>
            </param>
            <param index="3">
              <value>
                <![CDATA[17158.0]]>
              </value>
            </param>
            <param index="4">
              <value>
                <![CDATA[Stockholm]]>
              </value>
            </param>
            <param index="5">
              <value>
                <![CDATA[Sweden]]>
              </value>
            </param>
            <param index="6">
              <value>
                <![CDATA[Kn]]>
              </value>
            </param>
            <param index="7">
              <value>
                <![CDATA[Test]]>
              </value>
            </param>
          </params>
          <exception class="org.openqa.selenium.WebDriverException">
            <message>
              <![CDATA[unknown error: Element <input class="formhandler_field formhandler_checkbox " id="accept-promotional-communication" name="contact_sales[accept-promotional-communication]" type="checkbox" value="1"> is not clickable at point (438, 532). Other element would receive the click: <div class="optanon-alert-box-bg">...</div>
  (Session info: chrome=70.0.3538.77)
  (Driver info: chromedriver=2.43.600210 (68dcf5eebde37173d4027fa8635e332711d2874a),platform=Windows NT 10.0.16299 x86_64) (WARNING: The server did not provide any stacktrace information)
Command duration or timeout: 0 milliseconds
Build info: version: '3.5.3', revision: 'a88d25fe6b', time: '2017-08-29T12:42:44.417Z'
System info: host: 'LAPTOP-SU6EMOEA', ip: '192.168.23.13', os.name: 'Windows 10', os.arch: 'amd64', os.version: '10.0', java.version: '1.8.0_191'
Driver info: org.openqa.selenium.chrome.ChromeDriver
Capabilities [{mobileEmulationEnabled=false, hasTouchScreen=false, platform=XP, acceptSslCerts=false, goog:chromeOptions={debuggerAddress=localhost:59176}, acceptInsecureCerts=false, webStorageEnabled=true, browserName=chrome, takesScreenshot=true, javascriptEnabled=true, platformName=XP, setWindowRect=true, unexpectedAlertBehaviour=, applicationCacheEnabled=false, rotatable=false, networkConnectionEnabled=false, chrome={chromedriverVersion=2.43.600210 (68dcf5eebde37173d4027fa8635e332711d2874a), userDataDir=C:\Users\umako\AppData\Local\Temp\scoped_dir11304_21552}, takesHeapSnapshot=true, unhandledPromptBehavior=, pageLoadStrategy=normal, databaseEnabled=false, handlesAlerts=true, version=70.0.3538.77, browserConnectionEnabled=false, nativeEvents=true, locationContextEnabled=true, cssSelectorsEnabled=true}]
Session ID: 7013279f4f345f1cf3d7c5638bc5ed1c]]>
            </message>
            <full-stacktrace>
              <![CDATA[org.openqa.selenium.WebDriverException: unknown error: Element <input class="formhandler_field formhandler_checkbox " id="accept-promotional-communication" name="contact_sales[accept-promotional-communication]" type="checkbox" value="1"> is not clickable at point (438, 532). Other element would receive the click: <div class="optanon-alert-box-bg">...</div>
  (Session info: chrome=70.0.3538.77)
  (Driver info: chromedriver=2.43.600210 (68dcf5eebde37173d4027fa8635e332711d2874a),platform=Windows NT 10.0.16299 x86_64) (WARNING: The server did not provide any stacktrace information)
Command duration or timeout: 0 milliseconds
Build info: version: '3.5.3', revision: 'a88d25fe6b', time: '2017-08-29T12:42:44.417Z'
System info: host: 'LAPTOP-SU6EMOEA', ip: '192.168.23.13', os.name: 'Windows 10', os.arch: 'amd64', os.version: '10.0', java.version: '1.8.0_191'
Driver info: org.openqa.selenium.chrome.ChromeDriver
Capabilities [{mobileEmulationEnabled=false, hasTouchScreen=false, platform=XP, acceptSslCerts=false, goog:chromeOptions={debuggerAddress=localhost:59176}, acceptInsecureCerts=false, webStorageEnabled=true, browserName=chrome, takesScreenshot=true, javascriptEnabled=true, platformName=XP, setWindowRect=true, unexpectedAlertBehaviour=, applicationCacheEnabled=false, rotatable=false, networkConnectionEnabled=false, chrome={chromedriverVersion=2.43.600210 (68dcf5eebde37173d4027fa8635e332711d2874a), userDataDir=C:\Users\umako\AppData\Local\Temp\scoped_dir11304_21552}, takesHeapSnapshot=true, unhandledPromptBehavior=, pageLoadStrategy=normal, databaseEnabled=false, handlesAlerts=true, version=70.0.3538.77, browserConnectionEnabled=false, nativeEvents=true, locationContextEnabled=true, cssSelectorsEnabled=true}]
Session ID: 7013279f4f345f1cf3d7c5638bc5ed1c
	at sun.reflect.NativeConstructorAccessorImpl.newInstance0(Native Method)
	at sun.reflect.NativeConstructorAccessorImpl.newInstance(Unknown Source)
	at sun.reflect.DelegatingConstructorAccessorImpl.newInstance(Unknown Source)
	at java.lang.reflect.Constructor.newInstance(Unknown Source)
	at org.openqa.selenium.remote.ErrorHandler.createThrowable(ErrorHandler.java:215)
	at org.openqa.selenium.remote.ErrorHandler.throwIfResponseFailed(ErrorHandler.java:167)
	at org.openqa.selenium.remote.http.JsonHttpResponseCodec.reconstructValue(JsonHttpResponseCodec.java:40)
	at org.openqa.selenium.remote.http.AbstractHttpResponseCodec.decode(AbstractHttpResponseCodec.java:82)
	at org.openqa.selenium.remote.http.AbstractHttpResponseCodec.decode(AbstractHttpResponseCodec.java:45)
	at org.openqa.selenium.remote.HttpCommandExecutor.execute(HttpCommandExecutor.java:164)
	at org.openqa.selenium.remote.service.DriverCommandExecutor.execute(DriverCommandExecutor.java:82)
	at org.openqa.selenium.remote.RemoteWebDriver.execute(RemoteWebDriver.java:646)
	at org.openqa.selenium.remote.RemoteWebElement.execute(RemoteWebElement.java:275)
	at org.openqa.selenium.remote.RemoteWebElement.click(RemoteWebElement.java:82)
	at sun.reflect.NativeMethodAccessorImpl.invoke0(Native Method)
	at sun.reflect.NativeMethodAccessorImpl.invoke(Unknown Source)
	at sun.reflect.DelegatingMethodAccessorImpl.invoke(Unknown Source)
	at java.lang.reflect.Method.invoke(Unknown Source)
	at org.openqa.selenium.support.events.EventFiringWebDriver$EventFiringWebElement$1.invoke(EventFiringWebDriver.java:350)
	at com.sun.proxy.$Proxy14.click(Unknown Source)
	at org.openqa.selenium.support.events.EventFiringWebDriver$EventFiringWebElement.click(EventFiringWebDriver.java:363)
	at sun.reflect.NativeMethodAccessorImpl.invoke0(Native Method)
	at sun.reflect.NativeMethodAccessorImpl.invoke(Unknown Source)
	at sun.reflect.DelegatingMethodAccessorImpl.invoke(Unknown Source)
	at java.lang.reflect.Method.invoke(Unknown Source)
	at org.openqa.selenium.support.pagefactory.internal.LocatingElementHandler.invoke(LocatingElementHandler.java:51)
	at com.sun.proxy.$Proxy12.click(Unknown Source)
	at com.kn.qa.pages.KnContactusPage.createNewContact(KnContactusPage.java:86)
	at com.kn.qa.tests.KnContactusPageTest.Contactus_SalesTeam(KnContactusPageTest.java:42)
	at sun.reflect.NativeMethodAccessorImpl.invoke0(Native Method)
	at sun.reflect.NativeMethodAccessorImpl.invoke(Unknown Source)
	at sun.reflect.DelegatingMethodAccessorImpl.invoke(Unknown Source)
	at java.lang.reflect.Method.invoke(Unknown Source)
	at org.testng.internal.MethodInvocationHelper.invokeMethod(MethodInvocationHelper.java:108)
	at org.testng.internal.Invoker.invokeMethod(Invoker.java:661)
	at org.testng.internal.Invoker.invokeTestMethod(Invoker.java:869)
	at org.testng.internal.Invoker.invokeTestMethods(Invoker.java:1193)
	at org.testng.internal.TestMethodWorker.invokeTestMethods(TestMethodWorker.java:126)
	at org.testng.internal.TestMethodWorker.run(TestMethodWorker.java:109)
	at org.testng.TestRunner.privateRun(TestRunner.java:744)
	at org.testng.TestRunner.run(TestRunner.java:602)
	at org.testng.SuiteRunner.runTest(SuiteRunner.java:380)
	at org.testng.SuiteRunner.runSequentially(SuiteRunner.java:375)
	at org.testng.SuiteRunner.privateRun(SuiteRunner.java:340)
	at org.testng.SuiteRunner.run(SuiteRunner.java:289)
	at org.testng.SuiteRunnerWorker.runSuite(SuiteRunnerWorker.java:52)
	at org.testng.SuiteRunnerWorker.run(SuiteRunnerWorker.java:86)
	at org.testng.TestNG.runSuitesSequentially(TestNG.java:1301)
	at org.testng.TestNG.runSuitesLocally(TestNG.java:1226)
	at org.testng.TestNG.runSuites(TestNG.java:1144)
	at org.testng.TestNG.run(TestNG.java:1115)
	at org.testng.remote.AbstractRemoteTestNG.run(AbstractRemoteTestNG.java:114)
	at org.testng.remote.RemoteTestNG.initAndRun(RemoteTestNG.java:251)
	at org.testng.remote.RemoteTestNG.main(RemoteTestNG.java:77)
]]>
            </full-stacktrace>
          </exception> <!-- org.openqa.selenium.WebDriverException -->
          <reporter-output>
          </reporter-output>
        </test-method> <!-- Contactus_SalesTeam -->
        <test-method status="PASS" signature="tearDown()[pri:0, instance:com.kn.qa.tests.KnContactusPageTest@589838eb]" name="tearDown" is-config="true" duration-ms="923" started-at="2018-10-30T21:53:50Z" finished-at="2018-10-30T21:53:50Z">
          <reporter-output>
          </reporter-output>
        </test-method> <!-- tearDown -->
      </class> <!-- com.kn.qa.tests.KnContactusPageTest -->
      <class name="com.kn.qa.tests.KnLoginPageTest">
        <test-method status="PASS" signature="setUp()[pri:0, instance:com.kn.qa.tests.KnLoginPageTest@271053e1]" name="setUp" is-config="true" duration-ms="46334" started-at="2018-10-30T21:51:56Z" finished-at="2018-10-30T21:52:42Z">
          <reporter-output>
          </reporter-output>
        </test-method> <!-- setUp -->
        <test-method status="PASS" signature="HomePage_TitleVerify_Test()[pri:1, instance:com.kn.qa.tests.KnLoginPageTest@271053e1]" name="HomePage_TitleVerify_Test" duration-ms="324" started-at="2018-10-30T21:52:42Z" finished-at="2018-10-30T21:52:42Z">
          <reporter-output>
          </reporter-output>
        </test-method> <!-- HomePage_TitleVerify_Test -->
        <test-method status="PASS" signature="tearDown()[pri:0, instance:com.kn.qa.tests.KnLoginPageTest@271053e1]" name="tearDown" is-config="true" duration-ms="3810" started-at="2018-10-30T21:52:42Z" finished-at="2018-10-30T21:52:46Z">
          <reporter-output>
          </reporter-output>
        </test-method> <!-- tearDown -->
        <test-method status="PASS" signature="setUp()[pri:0, instance:com.kn.qa.tests.KnLoginPageTest@271053e1]" name="setUp" is-config="true" duration-ms="11051" started-at="2018-10-30T21:53:50Z" finished-at="2018-10-30T21:54:01Z">
          <reporter-output>
          </reporter-output>
        </test-method> <!-- setUp -->
        <test-method status="PASS" signature="loginTest()[pri:2, instance:com.kn.qa.tests.KnLoginPageTest@271053e1]" name="loginTest" duration-ms="4890" started-at="2018-10-30T21:54:01Z" finished-at="2018-10-30T21:54:06Z">
          <reporter-output>
          </reporter-output>
        </test-method> <!-- loginTest -->
        <test-method status="PASS" signature="tearDown()[pri:0, instance:com.kn.qa.tests.KnLoginPageTest@271053e1]" name="tearDown" is-config="true" duration-ms="856" started-at="2018-10-30T21:54:06Z" finished-at="2018-10-30T21:54:07Z">
          <reporter-output>
          </reporter-output>
        </test-method> <!-- tearDown -->
      </class> <!-- com.kn.qa.tests.KnLoginPageTest -->
    </test> <!-- Kn Application Regression Test Cases -->
  </suite> <!-- Kn Application Test Suite -->
</testng-results>
